#
# There is insufficient memory for the Java Runtime Environment to continue.
# Native memory allocation (mmap) failed to map 32505856 bytes for Failed to commit area from 0x0000000089800000 to 0x000000008b700000 of length 32505856.
# Possible reasons:
#   The system is out of physical RAM or swap space
#   The process is running with CompressedOops enabled, and the Java Heap may be blocking the growth of the native heap
# Possible solutions:
#   Reduce memory load on the system
#   Increase physical memory or swap space
#   Check if swap backing store is full
#   Decrease Java heap size (-Xmx/-Xms)
#   Decrease number of Java threads
#   Decrease Java thread stack sizes (-Xss)
#   Set larger code cache with -XX:ReservedCodeCacheSize=
#   JVM is running with Unscaled Compressed Oops mode in which the Java heap is
#     placed in the first 4GB address space. The Java Heap base address is the
#     maximum limit for the native heap growth. Please use -XX:HeapBaseMinAddress
#     to set the Java Heap base and to place the Java Heap above 4GB virtual address.
# This output file may be truncated or incomplete.
#
#  Out of Memory Error (./src/hotspot/os/windows/os_windows.cpp:3301), pid=10776, tid=3336
#
# JRE version: OpenJDK Runtime Environment (11.0.10) (build 11.0.10+0-b96-7249189)
# Java VM: OpenJDK 64-Bit Server VM (11.0.10+0-b96-7249189, mixed mode, tiered, compressed oops, g1 gc, windows-amd64)
# No core dump will be written. Minidumps are not enabled by default on client versions of Windows
#

---------------  S U M M A R Y ------------

Command Line: --add-opens=java.base/java.util=ALL-UNNAMED --add-opens=java.base/java.lang=ALL-UNNAMED --add-opens=java.base/java.lang.invoke=ALL-UNNAMED --add-opens=java.base/java.util=ALL-UNNAMED --add-opens=java.prefs/java.util.prefs=ALL-UNNAMED --add-opens=java.prefs/java.util.prefs=ALL-UNNAMED --add-opens=java.base/java.nio.charset=ALL-UNNAMED --add-opens=java.base/java.net=ALL-UNNAMED --add-opens=java.base/java.util.concurrent.atomic=ALL-UNNAMED -Xmx2048m -Dfile.encoding=UTF-8 -Duser.country=IL -Duser.language=iw -Duser.variant org.gradle.launcher.daemon.bootstrap.GradleDaemon 7.0.2

Host: Intel(R) Core(TM) i5-10500T CPU @ 2.30GHz, 12 cores, 7G,  Windows 10 , 64 bit Build 19041 (10.0.19041.1202)
Time: Tue Mar 15 13:14:11 2022 שעון רגיל ירושלים elapsed time: 13.727277 seconds (0d 0h 0m 13s)

---------------  T H R E A D  ---------------

Current thread (0x0000020480c63000):  VMThread "VM Thread" [stack: 0x000000f99ac00000,0x000000f99ad00000] [id=3336]

Stack: [0x000000f99ac00000,0x000000f99ad00000]
[error occurred during error reporting (printing stack bounds), id 0xc0000005, EXCEPTION_ACCESS_VIOLATION (0xc0000005) at pc=0x00000204e9690f2d]

Native frames: (J=compiled Java code, j=interpreted, Vv=VM code, C=native code)
V  [jvm.dll+0x5ecfaa]
V  [jvm.dll+0x722bd5]
V  [jvm.dll+0x72412d]
V  [jvm.dll+0x724745]
V  [jvm.dll+0x7246fb]
V  [jvm.dll+0x5ec348]
V  [jvm.dll+0x5ecad8]
C  [ntdll.dll+0xa20cf]
C  [ntdll.dll+0x51454]
C  [ntdll.dll+0xa0bfe]
C  0x00000204e9690f2d

VM_Operation (0x000000f99fcf8310): G1CollectForAllocation, mode: safepoint, requested by thread 0x0000020489d7d800


---------------  P R O C E S S  ---------------

Threads class SMR info:
_java_thread_list=0x00000204825854f0, length=73, elements={
0x00000204e5b9b000, 0x0000020480c65800, 0x0000020480c73000, 0x0000020480c88000,
0x0000020480c89000, 0x0000020480c8a800, 0x0000020480c8b800, 0x00000204815ec000,
0x0000020480c9a000, 0x0000020481749000, 0x0000020482a1e800, 0x000002048225b000,
0x00000204836f9800, 0x00000204830f8000, 0x0000020483a18000, 0x0000020483888800,
0x0000020482aa4000, 0x00000204835bd000, 0x0000020483bd5000, 0x00000204835b1000,
0x00000204835b4800, 0x00000204835b3000, 0x00000204835b2000, 0x00000204835b5000,
0x00000204835b3800, 0x00000204835b7000, 0x00000204835b7800, 0x00000204835b6000,
0x0000020483efc800, 0x0000020483efd000, 0x0000020483f00800, 0x0000020483eff800,
0x0000020483efa800, 0x0000020483f02000, 0x0000020483f03000, 0x0000020483f03800,
0x0000020483f04800, 0x0000020483eff000, 0x0000020483f05800, 0x0000020483f06000,
0x0000020483f08000, 0x0000020483f08800, 0x0000020483f07000, 0x0000020486156000,
0x0000020486155000, 0x0000020486152000, 0x0000020486150000, 0x0000020486153800,
0x0000020486154800, 0x0000020486151000, 0x0000020486156800, 0x0000020486157800,
0x0000020486158800, 0x0000020486152800, 0x000002048615d000, 0x000002048615a000,
0x000002048615e000, 0x000002048615b000, 0x000002048615b800, 0x000002048615c800,
0x000002048615f000, 0x0000020489d7a000, 0x0000020489d79000, 0x0000020489d77800,
0x0000020489d7b800, 0x0000020489d7b000, 0x0000020489d7c800, 0x0000020489d77000,
0x0000020489d7d800, 0x0000020489d7e000, 0x0000020489d78800, 0x0000020489d82000,
0x0000020489d81800
}

Java Threads: ( => current thread )
  0x00000204e5b9b000 JavaThread "main" [_thread_blocked, id=11732, stack(0x000000f99a600000,0x000000f99a700000)]
  0x0000020480c65800 JavaThread "Reference Handler" daemon [_thread_blocked, id=12292, stack(0x000000f99ad00000,0x000000f99ae00000)]
  0x0000020480c73000 JavaThread "Finalizer" daemon [_thread_blocked, id=1748, stack(0x000000f99ae00000,0x000000f99af00000)]
  0x0000020480c88000 JavaThread "Signal Dispatcher" daemon [_thread_blocked, id=11344, stack(0x000000f99af00000,0x000000f99b000000)]
  0x0000020480c89000 JavaThread "Attach Listener" daemon [_thread_blocked, id=12752, stack(0x000000f99b000000,0x000000f99b100000)]
  0x0000020480c8a800 JavaThread "Service Thread" daemon [_thread_blocked, id=6100, stack(0x000000f99b100000,0x000000f99b200000)]
  0x0000020480c8b800 JavaThread "C2 CompilerThread0" daemon [_thread_blocked, id=8924, stack(0x000000f99b200000,0x000000f99b300000)]
  0x00000204815ec000 JavaThread "C1 CompilerThread0" daemon [_thread_blocked, id=12020, stack(0x000000f99b300000,0x000000f99b400000)]
  0x0000020480c9a000 JavaThread "Sweeper thread" daemon [_thread_blocked, id=3880, stack(0x000000f99b400000,0x000000f99b500000)]
  0x0000020481749000 JavaThread "Common-Cleaner" daemon [_thread_blocked, id=4576, stack(0x000000f99b500000,0x000000f99b600000)]
  0x0000020482a1e800 JavaThread "Daemon health stats" [_thread_blocked, id=12372, stack(0x000000f99b900000,0x000000f99ba00000)]
  0x000002048225b000 JavaThread "Incoming local TCP Connector on port 58149" [_thread_in_native, id=1172, stack(0x000000f99ba00000,0x000000f99bb00000)]
  0x00000204836f9800 JavaThread "Daemon periodic checks" [_thread_blocked, id=6704, stack(0x000000f99bb00000,0x000000f99bc00000)]
  0x00000204830f8000 JavaThread "Daemon" [_thread_blocked, id=12016, stack(0x000000f99bc00000,0x000000f99bd00000)]
  0x0000020483a18000 JavaThread "Handler for socket connection from /127.0.0.1:58149 to /127.0.0.1:58150" [_thread_in_native, id=4152, stack(0x000000f99bd00000,0x000000f99be00000)]
  0x0000020483888800 JavaThread "Cancel handler" [_thread_blocked, id=3852, stack(0x000000f99be00000,0x000000f99bf00000)]
  0x0000020482aa4000 JavaThread "Daemon worker" [_thread_blocked, id=9784, stack(0x000000f99bf00000,0x000000f99c000000)]
  0x00000204835bd000 JavaThread "Asynchronous log dispatcher for DefaultDaemonConnection: socket connection from /127.0.0.1:58149 to /127.0.0.1:58150" [_thread_blocked, id=12708, stack(0x000000f99c000000,0x000000f99c100000)]
  0x0000020483bd5000 JavaThread "Stdin handler" [_thread_blocked, id=4080, stack(0x000000f99c100000,0x000000f99c200000)]
  0x00000204835b1000 JavaThread "Daemon client event forwarder" [_thread_blocked, id=8, stack(0x000000f99c200000,0x000000f99c300000)]
  0x00000204835b4800 JavaThread "Cache worker for file hash cache (C:\Users\Atid\.gradle\caches\7.0.2\fileHashes)" [_thread_blocked, id=4128, stack(0x000000f99ca00000,0x000000f99cb00000)]
  0x00000204835b3000 JavaThread "File lock request listener" [_thread_in_native, id=6972, stack(0x000000f99cb00000,0x000000f99cc00000)]
  0x00000204835b2000 JavaThread "Cache worker for journal cache (C:\Users\Atid\.gradle\caches\journal-1)" [_thread_blocked, id=12868, stack(0x000000f99ce00000,0x000000f99cf00000)]
  0x00000204835b5000 JavaThread "Cache worker for file hash cache (C:\Users\Atid\Desktop\ProjectOriEliyahu\.gradle\7.0.2\fileHashes)" [_thread_blocked, id=4664, stack(0x000000f99cf00000,0x000000f99d000000)]
  0x00000204835b3800 JavaThread "File watcher server" daemon [_thread_blocked, id=1528, stack(0x000000f99d000000,0x000000f99d100000)]
  0x00000204835b7000 JavaThread "File watcher consumer" daemon [_thread_blocked, id=13192, stack(0x000000f99d100000,0x000000f99d200000)]
  0x00000204835b7800 JavaThread "Cache worker for checksums cache (C:\Users\Atid\Desktop\ProjectOriEliyahu\.gradle\checksums)" [_thread_blocked, id=7580, stack(0x000000f99d200000,0x000000f99d300000)]
  0x00000204835b6000 JavaThread "Cache worker for cache directory md-supplier (C:\Users\Atid\.gradle\caches\7.0.2\md-supplier)" [_thread_blocked, id=5976, stack(0x000000f99d300000,0x000000f99d400000)]
  0x0000020483efc800 JavaThread "Cache worker for cache directory md-rule (C:\Users\Atid\.gradle\caches\7.0.2\md-rule)" [_thread_blocked, id=11496, stack(0x000000f99d400000,0x000000f99d500000)]
  0x0000020483efd000 JavaThread "Cache worker for execution history cache (C:\Users\Atid\.gradle\caches\7.0.2\executionHistory)" [_thread_blocked, id=8224, stack(0x000000f99d500000,0x000000f99d600000)]
  0x0000020483f00800 JavaThread "jar transforms" [_thread_blocked, id=9528, stack(0x000000f99d600000,0x000000f99d700000)]
  0x0000020483eff800 JavaThread "jar transforms Thread 2" [_thread_blocked, id=10052, stack(0x000000f99d700000,0x000000f99d800000)]
  0x0000020483efa800 JavaThread "Cache worker for file content cache (C:\Users\Atid\.gradle\caches\7.0.2\fileContent)" [_thread_blocked, id=2964, stack(0x000000f99d800000,0x000000f99d900000)]
  0x0000020483f02000 JavaThread "Cache worker for dependencies-accessors (C:\Users\Atid\Desktop\ProjectOriEliyahu\.gradle\7.0.2\dependencies-accessors)" [_thread_blocked, id=8348, stack(0x000000f99d900000,0x000000f99da00000)]
  0x0000020483f03000 JavaThread "jar transforms Thread 3" [_thread_blocked, id=5212, stack(0x000000f99da00000,0x000000f99db00000)]
  0x0000020483f03800 JavaThread "Cache worker for Build Output Cleanup Cache (C:\Users\Atid\Desktop\ProjectOriEliyahu\.gradle\buildOutputCleanup)" [_thread_blocked, id=11756, stack(0x000000f99db00000,0x000000f99dc00000)]
  0x0000020483f04800 JavaThread "Build operations" [_thread_blocked, id=7560, stack(0x000000f99dc00000,0x000000f99dd00000)]
  0x0000020483eff000 JavaThread "Build operations Thread 2" [_thread_blocked, id=8636, stack(0x000000f99dd00000,0x000000f99de00000)]
  0x0000020483f05800 JavaThread "Build operations Thread 3" [_thread_blocked, id=3096, stack(0x000000f99de00000,0x000000f99df00000)]
  0x0000020483f06000 JavaThread "Build operations Thread 4" [_thread_blocked, id=4708, stack(0x000000f99df00000,0x000000f99e000000)]
  0x0000020483f08000 JavaThread "Build operations Thread 5" [_thread_blocked, id=4356, stack(0x000000f99e000000,0x000000f99e100000)]
  0x0000020483f08800 JavaThread "Build operations Thread 6" [_thread_blocked, id=6808, stack(0x000000f99e100000,0x000000f99e200000)]
  0x0000020483f07000 JavaThread "Build operations Thread 7" [_thread_blocked, id=4620, stack(0x000000f99e200000,0x000000f99e300000)]
  0x0000020486156000 JavaThread "Build operations Thread 8" [_thread_blocked, id=8888, stack(0x000000f99e300000,0x000000f99e400000)]
  0x0000020486155000 JavaThread "Build operations Thread 9" [_thread_blocked, id=1992, stack(0x000000f99e400000,0x000000f99e500000)]
  0x0000020486152000 JavaThread "Build operations Thread 10" [_thread_blocked, id=5664, stack(0x000000f99e500000,0x000000f99e600000)]
  0x0000020486150000 JavaThread "Build operations Thread 11" [_thread_blocked, id=4952, stack(0x000000f99e600000,0x000000f99e700000)]
  0x0000020486153800 JavaThread "Build operations Thread 12" [_thread_blocked, id=12948, stack(0x000000f99e700000,0x000000f99e800000)]
  0x0000020486154800 JavaThread "jar transforms Thread 4" [_thread_blocked, id=12616, stack(0x000000f99e800000,0x000000f99e900000)]
  0x0000020486151000 JavaThread "jar transforms Thread 5" [_thread_blocked, id=2568, stack(0x000000f99e900000,0x000000f99ea00000)]
  0x0000020486156800 JavaThread "jar transforms Thread 6" [_thread_blocked, id=2560, stack(0x000000f99ea00000,0x000000f99eb00000)]
  0x0000020486157800 JavaThread "jar transforms Thread 7" [_thread_blocked, id=4868, stack(0x000000f99eb00000,0x000000f99ec00000)]
  0x0000020486158800 JavaThread "jar transforms Thread 8" [_thread_blocked, id=8536, stack(0x000000f99ec00000,0x000000f99ed00000)]
  0x0000020486152800 JavaThread "jar transforms Thread 9" [_thread_blocked, id=11616, stack(0x000000f99ed00000,0x000000f99ee00000)]
  0x000002048615d000 JavaThread "jar transforms Thread 10" [_thread_blocked, id=12896, stack(0x000000f99ee00000,0x000000f99ef00000)]
  0x000002048615a000 JavaThread "jar transforms Thread 11" [_thread_blocked, id=6228, stack(0x000000f99ef00000,0x000000f99f000000)]
  0x000002048615e000 JavaThread "jar transforms Thread 12" [_thread_blocked, id=9024, stack(0x000000f99f000000,0x000000f99f100000)]
  0x000002048615b000 JavaThread "Memory manager" [_thread_blocked, id=2172, stack(0x000000f99f100000,0x000000f99f200000)]
  0x000002048615b800 JavaThread "build event listener" [_thread_blocked, id=2076, stack(0x000000f99f200000,0x000000f99f300000)]
  0x000002048615c800 JavaThread "Execution worker for ':'" [_thread_blocked, id=12232, stack(0x000000f99f300000,0x000000f99f400000)]
  0x000002048615f000 JavaThread "Execution worker for ':' Thread 2" [_thread_blocked, id=9180, stack(0x000000f99f400000,0x000000f99f500000)]
  0x0000020489d7a000 JavaThread "Execution worker for ':' Thread 3" [_thread_blocked, id=8992, stack(0x000000f99f500000,0x000000f99f600000)]
  0x0000020489d79000 JavaThread "Execution worker for ':' Thread 4" [_thread_blocked, id=9344, stack(0x000000f99f600000,0x000000f99f700000)]
  0x0000020489d77800 JavaThread "Execution worker for ':' Thread 5" [_thread_blocked, id=4600, stack(0x000000f99f700000,0x000000f99f800000)]
  0x0000020489d7b800 JavaThread "Execution worker for ':' Thread 6" [_thread_blocked, id=10616, stack(0x000000f99f800000,0x000000f99f900000)]
  0x0000020489d7b000 JavaThread "Execution worker for ':' Thread 7" [_thread_blocked, id=11120, stack(0x000000f99f900000,0x000000f99fa00000)]
  0x0000020489d7c800 JavaThread "Execution worker for ':' Thread 8" [_thread_blocked, id=2380, stack(0x000000f99fa00000,0x000000f99fb00000)]
  0x0000020489d77000 JavaThread "Execution worker for ':' Thread 9" [_thread_blocked, id=2152, stack(0x000000f99fb00000,0x000000f99fc00000)]
  0x0000020489d7d800 JavaThread "Execution worker for ':' Thread 10" [_thread_blocked, id=10680, stack(0x000000f99fc00000,0x000000f99fd00000)]
  0x0000020489d7e000 JavaThread "Execution worker for ':' Thread 11" [_thread_blocked, id=10996, stack(0x000000f99fd00000,0x000000f99fe00000)]
  0x0000020489d78800 JavaThread "Cache worker for execution history cache (C:\Users\Atid\Desktop\ProjectOriEliyahu\.gradle\7.0.2\executionHistory)" [_thread_blocked, id=1196, stack(0x000000f99fe00000,0x000000f99ff00000)]
  0x0000020489d82000 JavaThread "Cache worker for Java compile cache (C:\Users\Atid\.gradle\caches\7.0.2\javaCompile)" [_thread_blocked, id=11900, stack(0x000000f99ff00000,0x000000f9a0000000)]
  0x0000020489d81800 JavaThread "Cache worker for Java compile cache (C:\Users\Atid\Desktop\ProjectOriEliyahu\.gradle\7.0.2\javaCompile)" [_thread_blocked, id=5060, stack(0x000000f9a0000000,0x000000f9a0100000)]

Other Threads:
=>0x0000020480c63000 VMThread "VM Thread" [stack: 0x000000f99ac00000,0x000000f99ad00000] [id=3336]
  0x000002048177b800 WatcherThread [stack: 0x000000f99b600000,0x000000f99b700000] [id=5256]
  0x00000204e5bb5000 GCTaskThread "GC Thread#0" [stack: 0x000000f99a700000,0x000000f99a800000] [id=9012]
  0x0000020482089000 GCTaskThread "GC Thread#1" [stack: 0x000000f99b700000,0x000000f99b800000] [id=12316]
  0x0000020481f84800 GCTaskThread "GC Thread#2" [stack: 0x000000f99b800000,0x000000f99b900000] [id=4144]
  0x0000020481f4b800 GCTaskThread "GC Thread#3" [stack: 0x000000f99c300000,0x000000f99c400000] [id=11696]
  0x00000204835be800 GCTaskThread "GC Thread#4" [stack: 0x000000f99c400000,0x000000f99c500000] [id=7172]
  0x0000020482b78800 GCTaskThread "GC Thread#5" [stack: 0x000000f99c500000,0x000000f99c600000] [id=9524]
  0x0000020482b79800 GCTaskThread "GC Thread#6" [stack: 0x000000f99c600000,0x000000f99c700000] [id=5732]
  0x000002048363c000 GCTaskThread "GC Thread#7" [stack: 0x000000f99c700000,0x000000f99c800000] [id=1288]
  0x000002048363d000 GCTaskThread "GC Thread#8" [stack: 0x000000f99c800000,0x000000f99c900000] [id=11648]
  0x0000020483c9a000 GCTaskThread "GC Thread#9" [stack: 0x000000f99c900000,0x000000f99ca00000] [id=11196]
  0x00000204e5be8800 ConcurrentGCThread "G1 Main Marker" [stack: 0x000000f99a800000,0x000000f99a900000] [id=11668]
  0x00000204e5be9800 ConcurrentGCThread "G1 Conc#0" [stack: 0x000000f99a900000,0x000000f99aa00000] [id=9904]
  0x0000020483937800 ConcurrentGCThread "G1 Conc#1" [stack: 0x000000f99cc00000,0x000000f99cd00000] [id=4204]
  0x000002048379e800 ConcurrentGCThread "G1 Conc#2" [stack: 0x000000f99cd00000,0x000000f99ce00000] [id=12580]
  0x00000204e5c7e800 ConcurrentGCThread "G1 Refine#0" [stack: 0x000000f99aa00000,0x000000f99ab00000] [id=4024]
  0x0000020480ab4800 ConcurrentGCThread "G1 Young RemSet Sampling" [stack: 0x000000f99ab00000,0x000000f99ac00000] [id=11660]

Threads with active compile tasks:
C2 CompilerThread0  13749 9505       4       jdk.nio.zipfs.ZipFileSystemProvider::toZipPath (32 bytes)
C1 CompilerThread0  13749 9527       3       com.sun.tools.javac.jvm.ClassReader::readPool (520 bytes)

VM state:at safepoint (normal execution)

VM Mutex/Monitor currently owned by a thread:  ([mutex/lock_event])
[0x00000204e5b95af0] Threads_lock - owner thread: 0x0000020480c63000
[0x00000204e5b96cf0] Heap_lock - owner thread: 0x0000020489d7d800

Heap address: 0x0000000080000000, size: 2048 MB, Compressed Oops mode: 32-bit
Narrow klass base: 0x0000000000000000, Narrow klass shift: 3
Compressed class space size: 1073741824 Address: 0x0000000100000000

Heap:
 garbage-first heap   total 187392K, used 75452K [0x0000000080000000, 0x0000000100000000)
  region size 1024K, 9 young (9216K), 9 survivors (9216K)
 Metaspace       used 87659K, capacity 89973K, committed 90188K, reserved 1126400K
  class space    used 11444K, capacity 12338K, committed 12364K, reserved 1048576K
Heap Regions: E=young(eden), S=young(survivor), O=old, HS=humongous(starts), HC=humongous(continues), CS=collection set, F=free, A=archive, TAMS=top-at-mark-start (previous, next)
|   0|0x0000000080000000, 0x0000000080100000, 0x0000000080100000|100%| O|  |TAMS 0x0000000080100000, 0x0000000080000000| Untracked 
|   1|0x0000000080100000, 0x0000000080200000, 0x0000000080200000|100%| O|  |TAMS 0x0000000080200000, 0x0000000080100000| Untracked 
|   2|0x0000000080200000, 0x0000000080300000, 0x0000000080300000|100%| O|  |TAMS 0x0000000080300000, 0x0000000080200000| Untracked 
|   3|0x0000000080300000, 0x0000000080400000, 0x0000000080400000|100%|HS|  |TAMS 0x0000000080400000, 0x0000000080300000| Complete 
|   4|0x0000000080400000, 0x0000000080500000, 0x0000000080500000|100%|HC|  |TAMS 0x0000000080500000, 0x0000000080400000| Complete 
|   5|0x0000000080500000, 0x0000000080600000, 0x0000000080600000|100%|HC|  |TAMS 0x0000000080600000, 0x0000000080500000| Complete 
|   6|0x0000000080600000, 0x0000000080700000, 0x0000000080700000|100%| O|  |TAMS 0x0000000080700000, 0x0000000080600000| Untracked 
|   7|0x0000000080700000, 0x0000000080800000, 0x0000000080800000|100%| O|  |TAMS 0x0000000080800000, 0x0000000080700000| Untracked 
|   8|0x0000000080800000, 0x0000000080900000, 0x0000000080900000|100%| O|  |TAMS 0x0000000080900000, 0x0000000080800000| Untracked 
|   9|0x0000000080900000, 0x0000000080a00000, 0x0000000080a00000|100%| O|  |TAMS 0x0000000080a00000, 0x0000000080900000| Untracked 
|  10|0x0000000080a00000, 0x0000000080b00000, 0x0000000080b00000|100%| O|  |TAMS 0x0000000080b00000, 0x0000000080a00000| Untracked 
|  11|0x0000000080b00000, 0x0000000080c00000, 0x0000000080c00000|100%| O|  |TAMS 0x0000000080c00000, 0x0000000080b00000| Untracked 
|  12|0x0000000080c00000, 0x0000000080d00000, 0x0000000080d00000|100%| O|  |TAMS 0x0000000080d00000, 0x0000000080c00000| Untracked 
|  13|0x0000000080d00000, 0x0000000080e00000, 0x0000000080e00000|100%| O|  |TAMS 0x0000000080e00000, 0x0000000080d00000| Untracked 
|  14|0x0000000080e00000, 0x0000000080f00000, 0x0000000080f00000|100%| O|  |TAMS 0x0000000080f00000, 0x0000000080e00000| Untracked 
|  15|0x0000000080f00000, 0x0000000081000000, 0x0000000081000000|100%| O|  |TAMS 0x0000000081000000, 0x0000000080f00000| Untracked 
|  16|0x0000000081000000, 0x0000000081100000, 0x0000000081100000|100%| O|  |TAMS 0x0000000081100000, 0x0000000081000000| Untracked 
|  17|0x0000000081100000, 0x0000000081200000, 0x0000000081200000|100%| O|  |TAMS 0x0000000081200000, 0x0000000081100000| Untracked 
|  18|0x0000000081200000, 0x0000000081300000, 0x0000000081300000|100%|HS|  |TAMS 0x0000000081300000, 0x0000000081200000| Complete 
|  19|0x0000000081300000, 0x0000000081400000, 0x0000000081400000|100%| O|  |TAMS 0x0000000081400000, 0x0000000081300000| Untracked 
|  20|0x0000000081400000, 0x0000000081500000, 0x0000000081500000|100%| O|  |TAMS 0x0000000081500000, 0x0000000081400000| Untracked 
|  21|0x0000000081500000, 0x0000000081600000, 0x0000000081600000|100%| O|  |TAMS 0x0000000081600000, 0x0000000081500000| Untracked 
|  22|0x0000000081600000, 0x0000000081700000, 0x0000000081700000|100%| O|  |TAMS 0x0000000081700000, 0x0000000081600000| Untracked 
|  23|0x0000000081700000, 0x0000000081800000, 0x0000000081800000|100%|HS|  |TAMS 0x0000000081800000, 0x0000000081700000| Complete 
|  24|0x0000000081800000, 0x0000000081900000, 0x0000000081900000|100%| O|  |TAMS 0x0000000081900000, 0x0000000081800000| Untracked 
|  25|0x0000000081900000, 0x0000000081a00000, 0x0000000081a00000|100%| O|  |TAMS 0x0000000081a00000, 0x0000000081900000| Untracked 
|  26|0x0000000081a00000, 0x0000000081b00000, 0x0000000081b00000|100%| O|  |TAMS 0x0000000081b00000, 0x0000000081a00000| Untracked 
|  27|0x0000000081b00000, 0x0000000081c00000, 0x0000000081c00000|100%| O|  |TAMS 0x0000000081c00000, 0x0000000081b00000| Untracked 
|  28|0x0000000081c00000, 0x0000000081d00000, 0x0000000081d00000|100%|HS|  |TAMS 0x0000000081d00000, 0x0000000081c00000| Complete 
|  29|0x0000000081d00000, 0x0000000081e00000, 0x0000000081e00000|100%|HC|  |TAMS 0x0000000081e00000, 0x0000000081d00000| Complete 
|  30|0x0000000081e00000, 0x0000000081f00000, 0x0000000081f00000|100%| O|  |TAMS 0x0000000081f00000, 0x0000000081e00000| Untracked 
|  31|0x0000000081f00000, 0x0000000082000000, 0x0000000082000000|100%| O|  |TAMS 0x0000000082000000, 0x0000000081f00000| Untracked 
|  32|0x0000000082000000, 0x0000000082100000, 0x0000000082100000|100%| O|  |TAMS 0x0000000082100000, 0x0000000082000000| Untracked 
|  33|0x0000000082100000, 0x0000000082200000, 0x0000000082200000|100%| O|  |TAMS 0x0000000082200000, 0x0000000082100000| Untracked 
|  34|0x0000000082200000, 0x0000000082300000, 0x0000000082300000|100%| O|  |TAMS 0x0000000082300000, 0x0000000082200000| Untracked 
|  35|0x0000000082300000, 0x0000000082400000, 0x0000000082400000|100%| O|  |TAMS 0x0000000082400000, 0x0000000082300000| Untracked 
|  36|0x0000000082400000, 0x0000000082500000, 0x0000000082500000|100%| O|  |TAMS 0x0000000082500000, 0x0000000082400000| Untracked 
|  37|0x0000000082500000, 0x0000000082600000, 0x0000000082600000|100%| O|  |TAMS 0x0000000082600000, 0x0000000082500000| Untracked 
|  38|0x0000000082600000, 0x0000000082700000, 0x0000000082700000|100%| O|  |TAMS 0x0000000082668000, 0x0000000082600000| Untracked 
|  39|0x0000000082700000, 0x0000000082800000, 0x0000000082800000|100%| O|  |TAMS 0x0000000082700000, 0x0000000082700000| Untracked 
|  40|0x0000000082800000, 0x0000000082900000, 0x0000000082900000|100%| O|  |TAMS 0x0000000082800000, 0x0000000082800000| Untracked 
|  41|0x0000000082900000, 0x0000000082a00000, 0x0000000082a00000|100%| O|  |TAMS 0x0000000082900000, 0x0000000082900000| Untracked 
|  42|0x0000000082a00000, 0x0000000082b00000, 0x0000000082b00000|100%| O|  |TAMS 0x0000000082a00000, 0x0000000082a00000| Untracked 
|  43|0x0000000082b00000, 0x0000000082c00000, 0x0000000082c00000|100%| O|  |TAMS 0x0000000082b00000, 0x0000000082b00000| Untracked 
|  44|0x0000000082c00000, 0x0000000082d00000, 0x0000000082d00000|100%| O|  |TAMS 0x0000000082c00000, 0x0000000082c00000| Untracked 
|  45|0x0000000082d00000, 0x0000000082e00000, 0x0000000082e00000|100%| O|  |TAMS 0x0000000082d00000, 0x0000000082d00000| Untracked 
|  46|0x0000000082e00000, 0x0000000082f00000, 0x0000000082f00000|100%| O|  |TAMS 0x0000000082e00000, 0x0000000082e00000| Untracked 
|  47|0x0000000082f00000, 0x0000000083000000, 0x0000000083000000|100%| O|  |TAMS 0x0000000082f00000, 0x0000000082f00000| Untracked 
|  48|0x0000000083000000, 0x0000000083100000, 0x0000000083100000|100%| O|  |TAMS 0x0000000083000000, 0x0000000083000000| Untracked 
|  49|0x0000000083100000, 0x0000000083200000, 0x0000000083200000|100%| O|  |TAMS 0x0000000083100000, 0x0000000083100000| Untracked 
|  50|0x0000000083200000, 0x0000000083300000, 0x0000000083300000|100%| O|  |TAMS 0x0000000083200000, 0x0000000083200000| Untracked 
|  51|0x0000000083300000, 0x0000000083400000, 0x0000000083400000|100%| O|  |TAMS 0x0000000083300000, 0x0000000083300000| Untracked 
|  52|0x0000000083400000, 0x0000000083500000, 0x0000000083500000|100%| O|  |TAMS 0x0000000083400000, 0x0000000083400000| Untracked 
|  53|0x0000000083500000, 0x0000000083600000, 0x0000000083600000|100%| O|  |TAMS 0x0000000083500000, 0x0000000083500000| Untracked 
|  54|0x0000000083600000, 0x0000000083700000, 0x0000000083700000|100%| O|  |TAMS 0x0000000083600000, 0x0000000083600000| Untracked 
|  55|0x0000000083700000, 0x0000000083800000, 0x0000000083800000|100%| O|  |TAMS 0x0000000083700000, 0x0000000083700000| Untracked 
|  56|0x0000000083800000, 0x0000000083900000, 0x0000000083900000|100%| O|  |TAMS 0x0000000083800000, 0x0000000083800000| Untracked 
|  57|0x0000000083900000, 0x0000000083a00000, 0x0000000083a00000|100%| O|  |TAMS 0x0000000083900000, 0x0000000083900000| Untracked 
|  58|0x0000000083a00000, 0x0000000083b00000, 0x0000000083b00000|100%|HS|  |TAMS 0x0000000083a00000, 0x0000000083a00000| Complete 
|  59|0x0000000083b00000, 0x0000000083c00000, 0x0000000083c00000|100%|HC|  |TAMS 0x0000000083b00000, 0x0000000083b00000| Complete 
|  60|0x0000000083c00000, 0x0000000083d00000, 0x0000000083d00000|100%| O|  |TAMS 0x0000000083c00000, 0x0000000083c00000| Untracked 
|  61|0x0000000083d00000, 0x0000000083e00000, 0x0000000083e00000|100%| O|  |TAMS 0x0000000083d00000, 0x0000000083d00000| Untracked 
|  62|0x0000000083e00000, 0x0000000083f00000, 0x0000000083f00000|100%| O|  |TAMS 0x0000000083e00000, 0x0000000083e00000| Untracked 
|  63|0x0000000083f00000, 0x0000000084000000, 0x0000000084000000|100%| O|  |TAMS 0x0000000083f00000, 0x0000000083f00000| Untracked 
|  64|0x0000000084000000, 0x00000000840af000, 0x0000000084100000| 68%| O|  |TAMS 0x0000000084000000, 0x0000000084000000| Untracked 
|  65|0x0000000084100000, 0x0000000084100000, 0x0000000084200000|  0%| F|  |TAMS 0x0000000084100000, 0x0000000084100000| Untracked 
|  66|0x0000000084200000, 0x0000000084200000, 0x0000000084300000|  0%| F|  |TAMS 0x0000000084200000, 0x0000000084200000| Untracked 
|  67|0x0000000084300000, 0x0000000084300000, 0x0000000084400000|  0%| F|  |TAMS 0x0000000084300000, 0x0000000084300000| Untracked 
|  68|0x0000000084400000, 0x0000000084400000, 0x0000000084500000|  0%| F|  |TAMS 0x0000000084400000, 0x0000000084400000| Untracked 
|  69|0x0000000084500000, 0x0000000084500000, 0x0000000084600000|  0%| F|  |TAMS 0x0000000084500000, 0x0000000084500000| Untracked 
|  70|0x0000000084600000, 0x0000000084600000, 0x0000000084700000|  0%| F|  |TAMS 0x0000000084600000, 0x0000000084600000| Untracked 
|  71|0x0000000084700000, 0x0000000084700000, 0x0000000084800000|  0%| F|  |TAMS 0x0000000084700000, 0x0000000084700000| Untracked 
|  72|0x0000000084800000, 0x0000000084800000, 0x0000000084900000|  0%| F|  |TAMS 0x0000000084800000, 0x0000000084800000| Untracked 
|  73|0x0000000084900000, 0x0000000084900000, 0x0000000084a00000|  0%| F|  |TAMS 0x0000000084900000, 0x0000000084900000| Untracked 
|  74|0x0000000084a00000, 0x0000000084a00000, 0x0000000084b00000|  0%| F|  |TAMS 0x0000000084a00000, 0x0000000084a00000| Untracked 
|  75|0x0000000084b00000, 0x0000000084b00000, 0x0000000084c00000|  0%| F|  |TAMS 0x0000000084b00000, 0x0000000084b00000| Untracked 
|  76|0x0000000084c00000, 0x0000000084c00000, 0x0000000084d00000|  0%| F|  |TAMS 0x0000000084c00000, 0x0000000084c00000| Untracked 
|  77|0x0000000084d00000, 0x0000000084d00000, 0x0000000084e00000|  0%| F|  |TAMS 0x0000000084d00000, 0x0000000084d00000| Untracked 
|  78|0x0000000084e00000, 0x0000000084f00000, 0x0000000084f00000|100%| S|CS|TAMS 0x0000000084e00000, 0x0000000084e00000| Complete 
|  79|0x0000000084f00000, 0x0000000085000000, 0x0000000085000000|100%| S|CS|TAMS 0x0000000084f00000, 0x0000000084f00000| Complete 
|  80|0x0000000085000000, 0x0000000085000000, 0x0000000085100000|  0%| F|  |TAMS 0x0000000085000000, 0x0000000085000000| Untracked 
|  81|0x0000000085100000, 0x0000000085100000, 0x0000000085200000|  0%| F|  |TAMS 0x0000000085100000, 0x0000000085100000| Untracked 
|  82|0x0000000085200000, 0x0000000085200000, 0x0000000085300000|  0%| F|  |TAMS 0x0000000085200000, 0x0000000085200000| Untracked 
|  83|0x0000000085300000, 0x0000000085300000, 0x0000000085400000|  0%| F|  |TAMS 0x0000000085300000, 0x0000000085300000| Untracked 
|  84|0x0000000085400000, 0x0000000085500000, 0x0000000085500000|100%| S|CS|TAMS 0x0000000085400000, 0x0000000085400000| Complete 
|  85|0x0000000085500000, 0x0000000085600000, 0x0000000085600000|100%| S|CS|TAMS 0x0000000085500000, 0x0000000085500000| Complete 
|  86|0x0000000085600000, 0x0000000085700000, 0x0000000085700000|100%| S|CS|TAMS 0x0000000085600000, 0x0000000085600000| Complete 
|  87|0x0000000085700000, 0x0000000085800000, 0x0000000085800000|100%| S|CS|TAMS 0x0000000085700000, 0x0000000085700000| Complete 
|  88|0x0000000085800000, 0x0000000085900000, 0x0000000085900000|100%| S|CS|TAMS 0x0000000085800000, 0x0000000085800000| Complete 
|  89|0x0000000085900000, 0x0000000085900000, 0x0000000085a00000|  0%| F|  |TAMS 0x0000000085900000, 0x0000000085900000| Untracked 
|  90|0x0000000085a00000, 0x0000000085a00000, 0x0000000085b00000|  0%| F|  |TAMS 0x0000000085a00000, 0x0000000085a00000| Untracked 
|  91|0x0000000085b00000, 0x0000000085c00000, 0x0000000085c00000|100%| S|CS|TAMS 0x0000000085b00000, 0x0000000085b00000| Complete 
|  92|0x0000000085c00000, 0x0000000085c00000, 0x0000000085d00000|  0%| F|  |TAMS 0x0000000085c00000, 0x0000000085c00000| Untracked 
|  93|0x0000000085d00000, 0x0000000085d00000, 0x0000000085e00000|  0%| F|  |TAMS 0x0000000085d00000, 0x0000000085d00000| Untracked 
|  94|0x0000000085e00000, 0x0000000085f00000, 0x0000000085f00000|100%| S|CS|TAMS 0x0000000085e00000, 0x0000000085e00000| Complete 
|  95|0x0000000085f00000, 0x0000000085f00000, 0x0000000086000000|  0%| F|  |TAMS 0x0000000085f00000, 0x0000000085f00000| Untracked 
|  96|0x0000000086000000, 0x0000000086000000, 0x0000000086100000|  0%| F|  |TAMS 0x0000000086000000, 0x0000000086000000| Untracked 
|  97|0x0000000086100000, 0x0000000086100000, 0x0000000086200000|  0%| F|  |TAMS 0x0000000086100000, 0x0000000086100000| Untracked 
|  98|0x0000000086200000, 0x0000000086200000, 0x0000000086300000|  0%| F|  |TAMS 0x0000000086200000, 0x0000000086200000| Untracked 
|  99|0x0000000086300000, 0x0000000086300000, 0x0000000086400000|  0%| F|  |TAMS 0x0000000086300000, 0x0000000086300000| Untracked 
| 100|0x0000000086400000, 0x0000000086400000, 0x0000000086500000|  0%| F|  |TAMS 0x0000000086400000, 0x0000000086400000| Untracked 
| 101|0x0000000086500000, 0x0000000086500000, 0x0000000086600000|  0%| F|  |TAMS 0x0000000086500000, 0x0000000086500000| Untracked 
| 102|0x0000000086600000, 0x0000000086600000, 0x0000000086700000|  0%| F|  |TAMS 0x0000000086600000, 0x0000000086600000| Untracked 
| 103|0x0000000086700000, 0x0000000086700000, 0x0000000086800000|  0%| F|  |TAMS 0x0000000086700000, 0x0000000086700000| Untracked 
| 104|0x0000000086800000, 0x0000000086800000, 0x0000000086900000|  0%| F|  |TAMS 0x0000000086800000, 0x0000000086800000| Untracked 
| 105|0x0000000086900000, 0x0000000086900000, 0x0000000086a00000|  0%| F|  |TAMS 0x0000000086900000, 0x0000000086900000| Untracked 
| 106|0x0000000086a00000, 0x0000000086a00000, 0x0000000086b00000|  0%| F|  |TAMS 0x0000000086a00000, 0x0000000086a00000| Untracked 
| 107|0x0000000086b00000, 0x0000000086b00000, 0x0000000086c00000|  0%| F|  |TAMS 0x0000000086b00000, 0x0000000086b00000| Untracked 
| 108|0x0000000086c00000, 0x0000000086c00000, 0x0000000086d00000|  0%| F|  |TAMS 0x0000000086c00000, 0x0000000086c00000| Untracked 
| 109|0x0000000086d00000, 0x0000000086d00000, 0x0000000086e00000|  0%| F|  |TAMS 0x0000000086d00000, 0x0000000086d00000| Untracked 
| 110|0x0000000086e00000, 0x0000000086e00000, 0x0000000086f00000|  0%| F|  |TAMS 0x0000000086e00000, 0x0000000086e00000| Untracked 
| 111|0x0000000086f00000, 0x0000000086f00000, 0x0000000087000000|  0%| F|  |TAMS 0x0000000086f00000, 0x0000000086f00000| Untracked 
| 112|0x0000000087000000, 0x0000000087000000, 0x0000000087100000|  0%| F|  |TAMS 0x0000000087000000, 0x0000000087000000| Untracked 
| 113|0x0000000087100000, 0x0000000087100000, 0x0000000087200000|  0%| F|  |TAMS 0x0000000087100000, 0x0000000087100000| Untracked 
| 114|0x0000000087200000, 0x0000000087200000, 0x0000000087300000|  0%| F|  |TAMS 0x0000000087200000, 0x0000000087200000| Untracked 
| 115|0x0000000087300000, 0x0000000087300000, 0x0000000087400000|  0%| F|  |TAMS 0x0000000087300000, 0x0000000087300000| Untracked 
| 116|0x0000000087400000, 0x0000000087400000, 0x0000000087500000|  0%| F|  |TAMS 0x0000000087400000, 0x0000000087400000| Untracked 
| 117|0x0000000087500000, 0x0000000087500000, 0x0000000087600000|  0%| F|  |TAMS 0x0000000087500000, 0x0000000087500000| Untracked 
| 118|0x0000000087600000, 0x0000000087600000, 0x0000000087700000|  0%| F|  |TAMS 0x0000000087600000, 0x0000000087600000| Untracked 
| 119|0x0000000087700000, 0x0000000087700000, 0x0000000087800000|  0%| F|  |TAMS 0x0000000087700000, 0x0000000087700000| Untracked 
| 120|0x0000000087800000, 0x0000000087800000, 0x0000000087900000|  0%| F|  |TAMS 0x0000000087800000, 0x0000000087800000| Untracked 
| 121|0x0000000087900000, 0x0000000087900000, 0x0000000087a00000|  0%| F|  |TAMS 0x0000000087900000, 0x0000000087900000| Untracked 
| 122|0x0000000087a00000, 0x0000000087a00000, 0x0000000087b00000|  0%| F|  |TAMS 0x0000000087a00000, 0x0000000087a00000| Untracked 
| 123|0x0000000087b00000, 0x0000000087b00000, 0x0000000087c00000|  0%| F|  |TAMS 0x0000000087b00000, 0x0000000087b00000| Untracked 
| 124|0x0000000087c00000, 0x0000000087c00000, 0x0000000087d00000|  0%| F|  |TAMS 0x0000000087c00000, 0x0000000087c00000| Untracked 
| 125|0x0000000087d00000, 0x0000000087d00000, 0x0000000087e00000|  0%| F|  |TAMS 0x0000000087d00000, 0x0000000087d00000| Untracked 
| 126|0x0000000087e00000, 0x0000000087e00000, 0x0000000087f00000|  0%| F|  |TAMS 0x0000000087e00000, 0x0000000087e00000| Untracked 
| 127|0x0000000087f00000, 0x0000000087f00000, 0x0000000088000000|  0%| F|  |TAMS 0x0000000087f00000, 0x0000000087f00000| Untracked 
| 128|0x0000000088000000, 0x0000000088000000, 0x0000000088100000|  0%| F|  |TAMS 0x0000000088000000, 0x0000000088000000| Untracked 
| 129|0x0000000088100000, 0x0000000088100000, 0x0000000088200000|  0%| F|  |TAMS 0x0000000088100000, 0x0000000088100000| Untracked 
| 130|0x0000000088200000, 0x0000000088200000, 0x0000000088300000|  0%| F|  |TAMS 0x0000000088200000, 0x0000000088200000| Untracked 
| 131|0x0000000088300000, 0x0000000088300000, 0x0000000088400000|  0%| F|  |TAMS 0x0000000088300000, 0x0000000088300000| Untracked 
| 132|0x0000000088400000, 0x0000000088400000, 0x0000000088500000|  0%| F|  |TAMS 0x0000000088400000, 0x0000000088400000| Untracked 
| 133|0x0000000088500000, 0x0000000088500000, 0x0000000088600000|  0%| F|  |TAMS 0x0000000088500000, 0x0000000088500000| Untracked 
| 134|0x0000000088600000, 0x0000000088600000, 0x0000000088700000|  0%| F|  |TAMS 0x0000000088600000, 0x0000000088600000| Untracked 
| 135|0x0000000088700000, 0x0000000088700000, 0x0000000088800000|  0%| F|  |TAMS 0x0000000088700000, 0x0000000088700000| Untracked 
| 136|0x0000000088800000, 0x0000000088800000, 0x0000000088900000|  0%| F|  |TAMS 0x0000000088800000, 0x0000000088800000| Untracked 
| 137|0x0000000088900000, 0x0000000088900000, 0x0000000088a00000|  0%| F|  |TAMS 0x0000000088900000, 0x0000000088900000| Untracked 
| 138|0x0000000088a00000, 0x0000000088a00000, 0x0000000088b00000|  0%| F|  |TAMS 0x0000000088a00000, 0x0000000088a00000| Untracked 
| 139|0x0000000088b00000, 0x0000000088b00000, 0x0000000088c00000|  0%| F|  |TAMS 0x0000000088b00000, 0x0000000088b00000| Untracked 
| 140|0x0000000088c00000, 0x0000000088c00000, 0x0000000088d00000|  0%| F|  |TAMS 0x0000000088c00000, 0x0000000088c00000| Untracked 
| 141|0x0000000088d00000, 0x0000000088d00000, 0x0000000088e00000|  0%| F|  |TAMS 0x0000000088d00000, 0x0000000088d00000| Untracked 
| 142|0x0000000088e00000, 0x0000000088e00000, 0x0000000088f00000|  0%| F|  |TAMS 0x0000000088e00000, 0x0000000088e00000| Untracked 
| 143|0x0000000088f00000, 0x0000000088f00000, 0x0000000089000000|  0%| F|  |TAMS 0x0000000088f00000, 0x0000000088f00000| Untracked 
| 144|0x0000000089000000, 0x0000000089000000, 0x0000000089100000|  0%| F|  |TAMS 0x0000000089000000, 0x0000000089000000| Untracked 
| 145|0x0000000089100000, 0x0000000089100000, 0x0000000089200000|  0%| F|  |TAMS 0x0000000089100000, 0x0000000089100000| Untracked 
| 146|0x0000000089200000, 0x0000000089200000, 0x0000000089300000|  0%| F|  |TAMS 0x0000000089200000, 0x0000000089200000| Untracked 
| 147|0x0000000089300000, 0x0000000089300000, 0x0000000089400000|  0%| F|  |TAMS 0x0000000089300000, 0x0000000089300000| Untracked 
| 148|0x0000000089400000, 0x0000000089400000, 0x0000000089500000|  0%| F|  |TAMS 0x0000000089400000, 0x0000000089400000| Untracked 
| 149|0x0000000089500000, 0x0000000089500000, 0x0000000089600000|  0%| F|  |TAMS 0x0000000089500000, 0x0000000089500000| Untracked 
| 150|0x0000000089600000, 0x0000000089600000, 0x0000000089700000|  0%| F|  |TAMS 0x0000000089600000, 0x0000000089600000| Untracked 
| 151|0x0000000089700000, 0x0000000089700000, 0x0000000089800000|  0%| F|  |TAMS 0x0000000089700000, 0x0000000089700000| Untracked 

Card table byte_map: [0x00000204f9710000,0x00000204f9b10000] _byte_map_base: 0x00000204f9310000

Marking Bits (Prev, Next): (CMBitMap*) 0x00000204e5bdfa50, (CMBitMap*) 0x00000204e5bdfa18
 Prev Bits: [0x00000204fbf10000, 0x00000204fdf10000)
 Next Bits: [0x00000204f9f10000, 0x00000204fbf10000)

Polling page: 0x00000204e42f0000

Metaspace:

Usage:
  Non-class:     75.82 MB capacity,    74.43 MB ( 98%) used,     1.12 MB (  1%) free+waste,   272.50 KB ( <1%) overhead. 
      Class:     12.05 MB capacity,    11.18 MB ( 93%) used,   767.14 KB (  6%) free+waste,   126.13 KB (  1%) overhead. 
       Both:     87.86 MB capacity,    85.60 MB ( 97%) used,     1.87 MB (  2%) free+waste,   398.63 KB ( <1%) overhead. 

Virtual space:
  Non-class space:       76.00 MB reserved,      76.00 MB (100%) committed 
      Class space:        1.00 GB reserved,      12.07 MB (  1%) committed 
             Both:        1.07 GB reserved,      88.07 MB (  8%) committed 

Chunk freelists:
   Non-Class:  61.00 KB
       Class:  14.00 KB
        Both:  75.00 KB

MaxMetaspaceSize: 17179869184.00 GB
CompressedClassSpaceSize: 1.00 GB

CodeHeap 'non-profiled nmethods': size=120000Kb used=4401Kb max_used=4401Kb free=115598Kb
 bounds [0x00000204f1160000, 0x00000204f15b0000, 0x00000204f8690000]
CodeHeap 'profiled nmethods': size=120000Kb used=19199Kb max_used=19199Kb free=100800Kb
 bounds [0x00000204e9c30000, 0x00000204eaef0000, 0x00000204f1160000]
CodeHeap 'non-nmethods': size=5760Kb used=2283Kb max_used=2311Kb free=3476Kb
 bounds [0x00000204e9690000, 0x00000204e9900000, 0x00000204e9c30000]
 total_blobs=10300 nmethods=9410 adapters=801
 compilation: enabled
              stopped_count=0, restarted_count=0
 full_count=0

Compilation events (20 events):
Event: 13.701 Thread 0x00000204815ec000 nmethod 9518 0x00000204f15ab010 code [0x00000204f15ab1c0, 0x00000204f15ab278]
Event: 13.701 Thread 0x00000204815ec000 9520       3       com.sun.tools.javac.code.Symtab::lookupPackage (243 bytes)
Event: 13.702 Thread 0x00000204815ec000 nmethod 9520 0x00000204eaee5810 code [0x00000204eaee5c60, 0x00000204eaee8268]
Event: 13.702 Thread 0x00000204815ec000 9524       3       com.sun.tools.javac.jvm.ClassReader::sigToType (880 bytes)
Event: 13.704 Thread 0x0000020480c8b800 nmethod 9512 0x00000204f15ab310 code [0x00000204f15ab4a0, 0x00000204f15ab698]
Event: 13.704 Thread 0x0000020480c8b800 9485       4       java.lang.CharacterDataLatin1::isJavaIdentifierPart (20 bytes)
Event: 13.704 Thread 0x0000020480c8b800 nmethod 9485 0x00000204f15ab890 code [0x00000204f15aba20, 0x00000204f15abab8]
Event: 13.704 Thread 0x0000020480c8b800 9429       4       com.sun.tools.javac.util.UnsharedNameTable$NameImpl::getByteLength (6 bytes)
Event: 13.704 Thread 0x0000020480c8b800 nmethod 9429 0x00000204f15abb90 code [0x00000204f15abd20, 0x00000204f15abd98]
Event: 13.704 Thread 0x0000020480c8b800 9513       4       com.sun.tools.javac.jvm.ClassReader::nextChar (46 bytes)
Event: 13.704 Thread 0x00000204815ec000 nmethod 9524 0x00000204eaee8c10 code [0x00000204eaee9180, 0x00000204eaeec528]
Event: 13.704 Thread 0x00000204815ec000 9529   !   3       com.sun.tools.javac.jvm.ClassReader::classSigToType (498 bytes)
Event: 13.705 Thread 0x0000020480c8b800 nmethod 9513 0x00000204f15abe10 code [0x00000204f15abfa0, 0x00000204f15ac078]
Event: 13.705 Thread 0x0000020480c8b800 9432       4       java.lang.Enum::hashCode (5 bytes)
Event: 13.705 Thread 0x0000020480c8b800 nmethod 9432 0x00000204f15ac190 code [0x00000204f15ac320, 0x00000204f15ac3c8]
Event: 13.705 Thread 0x0000020480c8b800 9488       4       java.util.Collections::emptyMap (4 bytes)
Event: 13.705 Thread 0x00000204815ec000 nmethod 9529 0x00000204eaeed610 code [0x00000204eaeed9e0, 0x00000204eaeef398]
Event: 13.705 Thread 0x00000204815ec000 9527       3       com.sun.tools.javac.jvm.ClassReader::readPool (520 bytes)
Event: 13.705 Thread 0x0000020480c8b800 nmethod 9488 0x00000204f15ac490 code [0x00000204f15ac620, 0x00000204f15ac678]
Event: 13.705 Thread 0x0000020480c8b800 9505       4       jdk.nio.zipfs.ZipFileSystemProvider::toZipPath (32 bytes)

GC Heap History (20 events):
Event: 4.095 GC heap after
{Heap after GC invocations=9 (full 0):
 garbage-first heap   total 129024K, used 26134K [0x0000000080000000, 0x0000000100000000)
  region size 1024K, 7 young (7168K), 7 survivors (7168K)
 Metaspace       used 38733K, capacity 39634K, committed 39884K, reserved 1083392K
  class space    used 4933K, capacity 5252K, committed 5324K, reserved 1048576K
}
Event: 4.638 GC heap before
{Heap before GC invocations=9 (full 0):
 garbage-first heap   total 129024K, used 79382K [0x0000000080000000, 0x0000000100000000)
  region size 1024K, 59 young (60416K), 7 survivors (7168K)
 Metaspace       used 43648K, capacity 44638K, committed 44876K, reserved 1087488K
  class space    used 5576K, capacity 5935K, committed 5964K, reserved 1048576K
}
Event: 4.644 GC heap after
{Heap after GC invocations=10 (full 0):
 garbage-first heap   total 155648K, used 28498K [0x0000000080000000, 0x0000000100000000)
  region size 1024K, 7 young (7168K), 7 survivors (7168K)
 Metaspace       used 43648K, capacity 44638K, committed 44876K, reserved 1087488K
  class space    used 5576K, capacity 5935K, committed 5964K, reserved 1048576K
}
Event: 6.798 GC heap before
{Heap before GC invocations=10 (full 0):
 garbage-first heap   total 155648K, used 93010K [0x0000000080000000, 0x0000000100000000)
  region size 1024K, 69 young (70656K), 7 survivors (7168K)
 Metaspace       used 47137K, capacity 48380K, committed 48460K, reserved 1091584K
  class space    used 6027K, capacity 6472K, committed 6476K, reserved 1048576K
}
Event: 6.804 GC heap after
{Heap after GC invocations=11 (full 0):
 garbage-first heap   total 155648K, used 37151K [0x0000000080000000, 0x0000000100000000)
  region size 1024K, 9 young (9216K), 9 survivors (9216K)
 Metaspace       used 47137K, capacity 48380K, committed 48460K, reserved 1091584K
  class space    used 6027K, capacity 6472K, committed 6476K, reserved 1048576K
}
Event: 8.274 GC heap before
{Heap before GC invocations=11 (full 0):
 garbage-first heap   total 155648K, used 101663K [0x0000000080000000, 0x0000000100000000)
  region size 1024K, 70 young (71680K), 9 survivors (9216K)
 Metaspace       used 55323K, capacity 56774K, committed 57036K, reserved 1099776K
  class space    used 7017K, capacity 7553K, committed 7628K, reserved 1048576K
}
Event: 8.281 GC heap after
{Heap after GC invocations=12 (full 0):
 garbage-first heap   total 155648K, used 43653K [0x0000000080000000, 0x0000000100000000)
  region size 1024K, 5 young (5120K), 5 survivors (5120K)
 Metaspace       used 55323K, capacity 56774K, committed 57036K, reserved 1099776K
  class space    used 7017K, capacity 7553K, committed 7628K, reserved 1048576K
}
Event: 8.831 GC heap before
{Heap before GC invocations=12 (full 0):
 garbage-first heap   total 155648K, used 65157K [0x0000000080000000, 0x0000000100000000)
  region size 1024K, 27 young (27648K), 5 survivors (5120K)
 Metaspace       used 58477K, capacity 59996K, committed 60236K, reserved 1101824K
  class space    used 7426K, capacity 7984K, committed 8012K, reserved 1048576K
}
Event: 8.849 GC heap after
{Heap after GC invocations=13 (full 0):
 garbage-first heap   total 155648K, used 45010K [0x0000000080000000, 0x0000000100000000)
  region size 1024K, 6 young (6144K), 6 survivors (6144K)
 Metaspace       used 58477K, capacity 59996K, committed 60236K, reserved 1101824K
  class space    used 7426K, capacity 7984K, committed 8012K, reserved 1048576K
}
Event: 9.797 GC heap before
{Heap before GC invocations=14 (full 0):
 garbage-first heap   total 155648K, used 109522K [0x0000000080000000, 0x0000000100000000)
  region size 1024K, 69 young (70656K), 6 survivors (6144K)
 Metaspace       used 63272K, capacity 64862K, committed 65100K, reserved 1105920K
  class space    used 8042K, capacity 8632K, committed 8780K, reserved 1048576K
}
Event: 9.805 GC heap after
{Heap after GC invocations=15 (full 0):
 garbage-first heap   total 155648K, used 50172K [0x0000000080000000, 0x0000000100000000)
  region size 1024K, 7 young (7168K), 7 survivors (7168K)
 Metaspace       used 63272K, capacity 64862K, committed 65100K, reserved 1105920K
  class space    used 8042K, capacity 8632K, committed 8780K, reserved 1048576K
}
Event: 10.629 GC heap before
{Heap before GC invocations=15 (full 0):
 garbage-first heap   total 155648K, used 114684K [0x0000000080000000, 0x0000000100000000)
  region size 1024K, 70 young (71680K), 7 survivors (7168K)
 Metaspace       used 69615K, capacity 71338K, committed 71628K, reserved 1112064K
  class space    used 9026K, capacity 9627K, committed 9676K, reserved 1048576K
}
Event: 10.640 GC heap after
{Heap after GC invocations=16 (full 0):
 garbage-first heap   total 155648K, used 54894K [0x0000000080000000, 0x0000000100000000)
  region size 1024K, 5 young (5120K), 5 survivors (5120K)
 Metaspace       used 69615K, capacity 71338K, committed 71628K, reserved 1112064K
  class space    used 9026K, capacity 9627K, committed 9676K, reserved 1048576K
}
Event: 11.314 GC heap before
{Heap before GC invocations=16 (full 0):
 garbage-first heap   total 155648K, used 117358K [0x0000000080000000, 0x0000000100000000)
  region size 1024K, 66 young (67584K), 5 survivors (5120K)
 Metaspace       used 76120K, capacity 77932K, committed 78156K, reserved 1116160K
  class space    used 9913K, capacity 10545K, committed 10572K, reserved 1048576K
}
Event: 11.319 GC heap after
{Heap after GC invocations=17 (full 0):
 garbage-first heap   total 155648K, used 58556K [0x0000000080000000, 0x0000000100000000)
  region size 1024K, 9 young (9216K), 9 survivors (9216K)
 Metaspace       used 76120K, capacity 77932K, committed 78156K, reserved 1116160K
  class space    used 9913K, capacity 10545K, committed 10572K, reserved 1048576K
}
Event: 12.018 GC heap before
{Heap before GC invocations=17 (full 0):
 garbage-first heap   total 155648K, used 118972K [0x0000000080000000, 0x0000000100000000)
  region size 1024K, 69 young (70656K), 9 survivors (9216K)
 Metaspace       used 78883K, capacity 81165K, committed 81484K, reserved 1120256K
  class space    used 10391K, capacity 11217K, committed 11340K, reserved 1048576K
}
Event: 12.035 GC heap after
{Heap after GC invocations=18 (full 0):
 garbage-first heap   total 155648K, used 62971K [0x0000000080000000, 0x0000000100000000)
  region size 1024K, 9 young (9216K), 9 survivors (9216K)
 Metaspace       used 78883K, capacity 81165K, committed 81484K, reserved 1120256K
  class space    used 10391K, capacity 11217K, committed 11340K, reserved 1048576K
}
Event: 12.483 GC heap before
{Heap before GC invocations=18 (full 0):
 garbage-first heap   total 155648K, used 121339K [0x0000000080000000, 0x0000000100000000)
  region size 1024K, 67 young (68608K), 9 survivors (9216K)
 Metaspace       used 80038K, capacity 82407K, committed 82636K, reserved 1120256K
  class space    used 10516K, capacity 11370K, committed 11468K, reserved 1048576K
}
Event: 12.494 GC heap after
{Heap after GC invocations=19 (full 0):
 garbage-first heap   total 155648K, used 66671K [0x0000000080000000, 0x0000000100000000)
  region size 1024K, 8 young (8192K), 8 survivors (8192K)
 Metaspace       used 80038K, capacity 82407K, committed 82636K, reserved 1120256K
  class space    used 10516K, capacity 11370K, committed 11468K, reserved 1048576K
}
Event: 13.706 GC heap before
{Heap before GC invocations=19 (full 0):
 garbage-first heap   total 155648K, used 126063K [0x0000000080000000, 0x0000000100000000)
  region size 1024K, 65 young (66560K), 8 survivors (8192K)
 Metaspace       used 87659K, capacity 89973K, committed 90188K, reserved 1126400K
  class space    used 11444K, capacity 12338K, committed 12364K, reserved 1048576K
}

Deoptimization events (20 events):
Event: 13.609 Thread 0x0000020489d7d800 DEOPT PACKING pc=0x00000204f1259198 sp=0x000000f99fcf8810
Event: 13.609 Thread 0x0000020489d7d800 DEOPT UNPACKING pc=0x00000204e96b78af sp=0x000000f99fcf8850 mode 2
Event: 13.612 Thread 0x0000020489d7d800 Uncommon trap: trap_request=0xffffff6e fr.pc=0x00000204f1259198 relative=0x00000000000012d8
Event: 13.612 Thread 0x0000020489d7d800 Uncommon trap: reason=speculate_class_check action=maybe_recompile pc=0x00000204f1259198 method=java.util.zip.InflaterInputStream.read([BII)I @ 100 c2
Event: 13.612 Thread 0x0000020489d7d800 DEOPT PACKING pc=0x00000204f1259198 sp=0x000000f99fcf8810
Event: 13.612 Thread 0x0000020489d7d800 DEOPT UNPACKING pc=0x00000204e96b78af sp=0x000000f99fcf8850 mode 2
Event: 13.621 Thread 0x0000020489d7d800 Uncommon trap: trap_request=0xffffff6e fr.pc=0x00000204f1259198 relative=0x00000000000012d8
Event: 13.621 Thread 0x0000020489d7d800 Uncommon trap: reason=speculate_class_check action=maybe_recompile pc=0x00000204f1259198 method=java.util.zip.InflaterInputStream.read([BII)I @ 100 c2
Event: 13.621 Thread 0x0000020489d7d800 DEOPT PACKING pc=0x00000204f1259198 sp=0x000000f99fcf8810
Event: 13.621 Thread 0x0000020489d7d800 DEOPT UNPACKING pc=0x00000204e96b78af sp=0x000000f99fcf8850 mode 2
Event: 13.666 Thread 0x0000020489d7d800 Uncommon trap: trap_request=0xffffffde fr.pc=0x00000204f13d6980 relative=0x00000000000003a0
Event: 13.666 Thread 0x0000020489d7d800 Uncommon trap: reason=class_check action=maybe_recompile pc=0x00000204f13d6980 method=java.util.Spliterators$IteratorSpliterator.tryAdvance(Ljava/util/function/Consumer;)Z @ 68 c2
Event: 13.666 Thread 0x0000020489d7d800 DEOPT PACKING pc=0x00000204f13d6980 sp=0x000000f99fcf9490
Event: 13.666 Thread 0x0000020489d7d800 DEOPT UNPACKING pc=0x00000204e96b78af sp=0x000000f99fcf9428 mode 2
Event: 13.668 Thread 0x0000020489d7d800 Uncommon trap: trap_request=0xffffffde fr.pc=0x00000204f13d6980 relative=0x00000000000003a0
Event: 13.668 Thread 0x0000020489d7d800 Uncommon trap: reason=class_check action=maybe_recompile pc=0x00000204f13d6980 method=java.util.Spliterators$IteratorSpliterator.tryAdvance(Ljava/util/function/Consumer;)Z @ 68 c2
Event: 13.668 Thread 0x0000020489d7d800 DEOPT PACKING pc=0x00000204f13d6980 sp=0x000000f99fcf9490
Event: 13.668 Thread 0x0000020489d7d800 DEOPT UNPACKING pc=0x00000204e96b78af sp=0x000000f99fcf9428 mode 2
Event: 13.673 Thread 0x0000020489d7d800 DEOPT PACKING pc=0x00000204eaaaea44 sp=0x000000f99fcf8970
Event: 13.673 Thread 0x0000020489d7d800 DEOPT UNPACKING pc=0x00000204e96b76ce sp=0x000000f99fcf7f10 mode 0

Classes redefined (0 events):
No events

Internal exceptions (20 events):
Event: 12.970 Thread 0x0000020489d7d800 Exception <a 'sun/nio/fs/WindowsException'{0x0000000086dee460}> (0x0000000086dee460) thrown at [./src/hotspot/share/prims/jni.cpp, line 615]
Event: 12.971 Thread 0x0000020489d7d800 Implicit null exception at 0x00000204f14155ac to 0x00000204f141575a
Event: 13.658 Thread 0x0000020489d7d800 Exception <a 'sun/nio/fs/WindowsException'{0x0000000086106908}> (0x0000000086106908) thrown at [./src/hotspot/share/prims/jni.cpp, line 615]
Event: 13.672 Thread 0x0000020489d7d800 Exception <a 'sun/nio/fs/WindowsException'{0x00000000861a7ae8}> (0x00000000861a7ae8) thrown at [./src/hotspot/share/prims/jni.cpp, line 615]
Event: 13.672 Thread 0x0000020489d7d800 Exception <a 'sun/nio/fs/WindowsException'{0x00000000861a7c38}> (0x00000000861a7c38) thrown at [./src/hotspot/share/prims/jni.cpp, line 615]
Event: 13.673 Thread 0x0000020489d7d800 Exception <a 'sun/nio/fs/WindowsException'{0x00000000861b8238}> (0x00000000861b8238) thrown at [./src/hotspot/share/prims/jni.cpp, line 615]
Event: 13.674 Thread 0x0000020489d7d800 Exception <a 'sun/nio/fs/WindowsException'{0x00000000861c9da0}> (0x00000000861c9da0) thrown at [./src/hotspot/share/prims/jni.cpp, line 615]
Event: 13.675 Thread 0x0000020489d7d800 Exception <a 'sun/nio/fs/WindowsException'{0x00000000861cdef8}> (0x00000000861cdef8) thrown at [./src/hotspot/share/prims/jni.cpp, line 615]
Event: 13.677 Thread 0x0000020489d7d800 Exception <a 'sun/nio/fs/WindowsException'{0x00000000861e63e0}> (0x00000000861e63e0) thrown at [./src/hotspot/share/prims/jni.cpp, line 615]
Event: 13.677 Thread 0x0000020489d7d800 Exception <a 'sun/nio/fs/WindowsException'{0x00000000861e6528}> (0x00000000861e6528) thrown at [./src/hotspot/share/prims/jni.cpp, line 615]
Event: 13.678 Thread 0x0000020489d7d800 Exception <a 'sun/nio/fs/WindowsException'{0x0000000086004fe8}> (0x0000000086004fe8) thrown at [./src/hotspot/share/prims/jni.cpp, line 615]
Event: 13.678 Thread 0x0000020489d7d800 Exception <a 'sun/nio/fs/WindowsException'{0x0000000086005148}> (0x0000000086005148) thrown at [./src/hotspot/share/prims/jni.cpp, line 615]
Event: 13.684 Thread 0x0000020489d7d800 Exception <a 'sun/nio/fs/WindowsException'{0x000000008605a2d8}> (0x000000008605a2d8) thrown at [./src/hotspot/share/prims/jni.cpp, line 615]
Event: 13.684 Thread 0x0000020489d7d800 Exception <a 'sun/nio/fs/WindowsException'{0x000000008605a438}> (0x000000008605a438) thrown at [./src/hotspot/share/prims/jni.cpp, line 615]
Event: 13.686 Thread 0x0000020489d7d800 Exception <a 'sun/nio/fs/WindowsException'{0x0000000086087160}> (0x0000000086087160) thrown at [./src/hotspot/share/prims/jni.cpp, line 615]
Event: 13.686 Thread 0x0000020489d7d800 Exception <a 'sun/nio/fs/WindowsException'{0x00000000860872c8}> (0x00000000860872c8) thrown at [./src/hotspot/share/prims/jni.cpp, line 615]
Event: 13.694 Thread 0x0000020489d7d800 Exception <a 'sun/nio/fs/WindowsException'{0x0000000085f0e4b0}> (0x0000000085f0e4b0) thrown at [./src/hotspot/share/prims/jni.cpp, line 615]
Event: 13.694 Thread 0x0000020489d7d800 Exception <a 'sun/nio/fs/WindowsException'{0x0000000085f0e5f8}> (0x0000000085f0e5f8) thrown at [./src/hotspot/share/prims/jni.cpp, line 615]
Event: 13.696 Thread 0x0000020489d7d800 Exception <a 'sun/nio/fs/WindowsException'{0x0000000085f9b4d8}> (0x0000000085f9b4d8) thrown at [./src/hotspot/share/prims/jni.cpp, line 615]
Event: 13.698 Thread 0x0000020489d7d800 Exception <a 'sun/nio/fs/WindowsException'{0x0000000085f9b628}> (0x0000000085f9b628) thrown at [./src/hotspot/share/prims/jni.cpp, line 615]

Events (20 events):
Event: 13.668 loading class com/sun/tools/javac/code/Symbol$PackageSymbol done
Event: 13.668 loading class com/sun/tools/javac/comp/TypeEnter$ImportsPhase
Event: 13.668 loading class com/sun/tools/javac/comp/TypeEnter$ImportsPhase done
Event: 13.668 loading class com/sun/tools/javac/code/Symbol$PackageSymbol
Event: 13.668 loading class com/sun/tools/javac/code/Symbol$PackageSymbol done
Event: 13.668 loading class com/sun/tools/javac/comp/TypeEnter$ImportsPhase
Event: 13.668 loading class com/sun/tools/javac/comp/TypeEnter$ImportsPhase done
Event: 13.677 loading class com/sun/tools/javac/code/Symbol$ModuleSymbol
Event: 13.677 loading class com/sun/tools/javac/code/Symbol$ModuleSymbol done
Event: 13.677 loading class com/sun/tools/javac/code/Symbol$ModuleSymbol
Event: 13.677 loading class com/sun/tools/javac/code/Symbol$ModuleSymbol done
Event: 13.677 loading class com/sun/tools/javac/util/JCDiagnostic$Factory
Event: 13.677 loading class com/sun/tools/javac/util/JCDiagnostic$Factory done
Event: 13.688 loading class com/sun/tools/javac/code/Symbol
Event: 13.688 loading class com/sun/tools/javac/code/Symbol done
Event: 13.688 loading class com/sun/tools/javac/code/Symbol
Event: 13.688 loading class com/sun/tools/javac/code/Symbol done
Event: 13.688 loading class com/sun/tools/javac/code/Symbol
Event: 13.688 loading class com/sun/tools/javac/code/Symbol done
Event: 13.705 Executing VM operation: G1CollectForAllocation


Dynamic libraries:
0x00007ff7a4920000 - 0x00007ff7a492a000 	C:\Program Files\Android\Android Studio\jre\bin\java.exe
0x00007ffa58430000 - 0x00007ffa58625000 	C:\windows\SYSTEM32\ntdll.dll
0x00007ffa56d30000 - 0x00007ffa56dee000 	C:\windows\System32\KERNEL32.DLL
0x00007ffa561b0000 - 0x00007ffa56479000 	C:\windows\System32\KERNELBASE.dll
0x00007ffa55e60000 - 0x00007ffa55f60000 	C:\windows\System32\ucrtbase.dll
0x00007ffa517b0000 - 0x00007ffa517c9000 	C:\Program Files\Android\Android Studio\jre\bin\jli.dll
0x00007ffa57550000 - 0x00007ffa576f1000 	C:\windows\System32\USER32.dll
0x00007ffa55da0000 - 0x00007ffa55dc2000 	C:\windows\System32\win32u.dll
0x00007ffa34d20000 - 0x00007ffa34fba000 	C:\windows\WinSxS\amd64_microsoft.windows.common-controls_6595b64144ccf1df_6.0.19041.1110_none_60b5254171f9507e\COMCTL32.dll
0x00007ffa56c60000 - 0x00007ffa56c8b000 	C:\windows\System32\GDI32.dll
0x00007ffa56c90000 - 0x00007ffa56d2e000 	C:\windows\System32\msvcrt.dll
0x00007ffa55c30000 - 0x00007ffa55d3b000 	C:\windows\System32\gdi32full.dll
0x00007ffa56110000 - 0x00007ffa561ad000 	C:\windows\System32\msvcp_win.dll
0x00007ffa43d10000 - 0x00007ffa43d27000 	C:\Program Files\Android\Android Studio\jre\bin\VCRUNTIME140.dll
0x00007ffa56c30000 - 0x00007ffa56c60000 	C:\windows\System32\IMM32.DLL
0x00007ffa1be10000 - 0x00007ffa1bead000 	C:\Program Files\Android\Android Studio\jre\bin\msvcp140.dll
0x00007ffa16570000 - 0x00007ffa1703f000 	C:\Program Files\Android\Android Studio\jre\bin\server\jvm.dll
0x00007ffa57a00000 - 0x00007ffa57aac000 	C:\windows\System32\ADVAPI32.dll
0x00007ffa56900000 - 0x00007ffa5699b000 	C:\windows\System32\sechost.dll
0x00007ffa56ec0000 - 0x00007ffa56fea000 	C:\windows\System32\RPCRT4.dll
0x00007ffa57ca0000 - 0x00007ffa57ca8000 	C:\windows\System32\PSAPI.DLL
0x00007ffa3b100000 - 0x00007ffa3b127000 	C:\windows\SYSTEM32\WINMM.dll
0x00007ffa4f540000 - 0x00007ffa4f549000 	C:\windows\SYSTEM32\WSOCK32.dll
0x00007ffa50a80000 - 0x00007ffa50a8a000 	C:\windows\SYSTEM32\VERSION.dll
0x00007ffa57c30000 - 0x00007ffa57c9b000 	C:\windows\System32\WS2_32.dll
0x00007ffa53a70000 - 0x00007ffa53a82000 	C:\windows\SYSTEM32\kernel.appcore.dll
0x00007ffa43cf0000 - 0x00007ffa43d01000 	C:\Program Files\Android\Android Studio\jre\bin\verify.dll
0x00007ffa362c0000 - 0x00007ffa364a4000 	C:\windows\SYSTEM32\DBGHELP.DLL
0x00007ffa361e0000 - 0x00007ffa3620c000 	C:\windows\SYSTEM32\dbgcore.DLL
0x00007ffa55dd0000 - 0x00007ffa55e53000 	C:\windows\System32\bcryptPrimitives.dll
0x00007ffa3dbe0000 - 0x00007ffa3dc09000 	C:\Program Files\Android\Android Studio\jre\bin\java.dll
0x00007ffa4f400000 - 0x00007ffa4f40b000 	C:\Program Files\Android\Android Studio\jre\bin\jimage.dll
0x00007ffa359b0000 - 0x00007ffa359c8000 	C:\Program Files\Android\Android Studio\jre\bin\zip.dll
0x00007ffa57cb0000 - 0x00007ffa583ef000 	C:\windows\System32\SHELL32.dll
0x00007ffa53c70000 - 0x00007ffa54400000 	C:\windows\SYSTEM32\windows.storage.dll
0x00007ffa571f0000 - 0x00007ffa57545000 	C:\windows\System32\combase.dll
0x00007ffa55530000 - 0x00007ffa5555c000 	C:\windows\SYSTEM32\Wldp.dll
0x00007ffa578b0000 - 0x00007ffa5795d000 	C:\windows\System32\SHCORE.dll
0x00007ffa56e60000 - 0x00007ffa56eb5000 	C:\windows\System32\shlwapi.dll
0x00007ffa55a90000 - 0x00007ffa55aaf000 	C:\windows\SYSTEM32\profapi.dll
0x00007ffa2eaa0000 - 0x00007ffa2eaba000 	C:\Program Files\Android\Android Studio\jre\bin\net.dll
0x00007ffa4f8d0000 - 0x00007ffa4f9d8000 	C:\windows\SYSTEM32\WINHTTP.dll
0x00007ffa55230000 - 0x00007ffa5529a000 	C:\windows\system32\mswsock.dll
0x00007ffa2c190000 - 0x00007ffa2c1a4000 	C:\Program Files\Android\Android Studio\jre\bin\nio.dll
0x00007ffa43f80000 - 0x00007ffa43fa7000 	C:\Users\Atid\.gradle\native\8bec1ad78214c89d9ad589b4d07fe93259594b29d510b10fafb7a158f7737e5d\windows-amd64\native-platform.dll
0x00007ffa3bc50000 - 0x00007ffa3bd8d000 	C:\Users\Atid\.gradle\native\53dbd7edfb1c66fb8903c78663c9afc45aea4f116125fa6feffd364cf09443e8\windows-amd64\native-platform-file-events.dll
0x00007ffa4d050000 - 0x00007ffa4d05a000 	C:\Program Files\Android\Android Studio\jre\bin\management.dll
0x00007ffa43df0000 - 0x00007ffa43dfc000 	C:\Program Files\Android\Android Studio\jre\bin\management_ext.dll
0x00007ffa55490000 - 0x00007ffa554a8000 	C:\windows\SYSTEM32\CRYPTSP.dll
0x00007ffa54bb0000 - 0x00007ffa54be4000 	C:\windows\system32\rsaenh.dll
0x00007ffa55c00000 - 0x00007ffa55c27000 	C:\windows\System32\bcrypt.dll
0x00007ffa55a10000 - 0x00007ffa55a3e000 	C:\windows\SYSTEM32\USERENV.dll
0x00007ffa55480000 - 0x00007ffa5548c000 	C:\windows\SYSTEM32\CRYPTBASE.dll
0x00007ffa54f20000 - 0x00007ffa54f5b000 	C:\windows\SYSTEM32\IPHLPAPI.DLL
0x00007ffa579f0000 - 0x00007ffa579f8000 	C:\windows\System32\NSI.dll
0x00007ffa50770000 - 0x00007ffa50787000 	C:\windows\SYSTEM32\dhcpcsvc6.DLL
0x00007ffa50750000 - 0x00007ffa5076d000 	C:\windows\SYSTEM32\dhcpcsvc.DLL
0x00007ffa54f60000 - 0x00007ffa5502c000 	C:\windows\SYSTEM32\DNSAPI.dll

dbghelp: loaded successfully - version: 4.0.5 - missing functions: none
symbol engine: initialized successfully - sym options: 0x614 - pdb path: .;C:\Program Files\Android\Android Studio\jre\bin;C:\windows\SYSTEM32;C:\windows\WinSxS\amd64_microsoft.windows.common-controls_6595b64144ccf1df_6.0.19041.1110_none_60b5254171f9507e;C:\Program Files\Android\Android Studio\jre\bin\server;C:\Users\Atid\.gradle\native\8bec1ad78214c89d9ad589b4d07fe93259594b29d510b10fafb7a158f7737e5d\windows-amd64;C:\Users\Atid\.gradle\native\53dbd7edfb1c66fb8903c78663c9afc45aea4f116125fa6feffd364cf09443e8\windows-amd64

VM Arguments:
jvm_args: --add-opens=java.base/java.util=ALL-UNNAMED --add-opens=java.base/java.lang=ALL-UNNAMED --add-opens=java.base/java.lang.invoke=ALL-UNNAMED --add-opens=java.base/java.util=ALL-UNNAMED --add-opens=java.prefs/java.util.prefs=ALL-UNNAMED --add-opens=java.prefs/java.util.prefs=ALL-UNNAMED --add-opens=java.base/java.nio.charset=ALL-UNNAMED --add-opens=java.base/java.net=ALL-UNNAMED --add-opens=java.base/java.util.concurrent.atomic=ALL-UNNAMED -Xmx2048m -Dfile.encoding=UTF-8 -Duser.country=IL -Duser.language=iw -Duser.variant 
java_command: org.gradle.launcher.daemon.bootstrap.GradleDaemon 7.0.2
java_class_path (initial): C:\Users\Atid\.gradle\wrapper\dists\gradle-7.0.2-bin\857tjihv64xamwrf0h14cai3r\gradle-7.0.2\lib\gradle-launcher-7.0.2.jar
Launcher Type: SUN_STANDARD

[Global flags]
     intx CICompilerCount                          = 4                                         {product} {ergonomic}
     uint ConcGCThreads                            = 3                                         {product} {ergonomic}
     uint G1ConcRefinementThreads                  = 10                                        {product} {ergonomic}
   size_t G1HeapRegionSize                         = 1048576                                   {product} {ergonomic}
    uintx GCDrainStackTargetSize                   = 64                                        {product} {ergonomic}
   size_t InitialHeapSize                          = 132120576                                 {product} {ergonomic}
   size_t MarkStackSize                            = 4194304                                   {product} {ergonomic}
   size_t MaxHeapSize                              = 2147483648                                {product} {command line}
   size_t MaxNewSize                               = 1287651328                                {product} {ergonomic}
   size_t MinHeapDeltaBytes                        = 1048576                                   {product} {ergonomic}
    uintx NonNMethodCodeHeapSize                   = 5836300                                {pd product} {ergonomic}
    uintx NonProfiledCodeHeapSize                  = 122910970                              {pd product} {ergonomic}
    uintx ProfiledCodeHeapSize                     = 122910970                              {pd product} {ergonomic}
    uintx ReservedCodeCacheSize                    = 251658240                              {pd product} {ergonomic}
     bool SegmentedCodeCache                       = true                                      {product} {ergonomic}
     bool UseCompressedClassPointers               = true                                 {lp64_product} {ergonomic}
     bool UseCompressedOops                        = true                                 {lp64_product} {ergonomic}
     bool UseG1GC                                  = true                                      {product} {ergonomic}
     bool UseLargePagesIndividualAllocation        = false                                  {pd product} {ergonomic}

Logging:
Log output configuration:
 #0: stdout all=warning uptime,level,tags
 #1: stderr all=off uptime,level,tags

Environment Variables:
PATH=C:\windows\system32;C:\windows;C:\windows\System32\Wbem;C:\windows\System32\WindowsPowerShell\v1.0\;C:\windows\System32\OpenSSH\;C:\Program Files\dotnet\;C:\Program Files\Microsoft SQL Server\130\Tools\Binn\;C:\Program Files\Microsoft SQL Server\Client SDK\ODBC\170\Tools\Binn\;C:\Users\Atid\AppData\Local\Microsoft\WindowsApps;;C:\Program Files\JetBrains\IntelliJ IDEA Community Edition 2021.2.3\bin;
USERNAME=Atid
OS=Windows_NT
PROCESSOR_IDENTIFIER=Intel64 Family 6 Model 165 Stepping 3, GenuineIntel



---------------  S Y S T E M  ---------------

OS: Windows 10 , 64 bit Build 19041 (10.0.19041.1202)
OS uptime: 14 days 23:52 hours

CPU:total 12 (initial active 12) (6 cores per cpu, 2 threads per core) family 6 model 165 stepping 3 microcode 0xea, cmov, cx8, fxsr, mmx, sse, sse2, sse3, ssse3, sse4.1, sse4.2, popcnt, avx, avx2, aes, clmul, erms, 3dnowpref, lzcnt, ht, tsc, tscinvbit, bmi1, bmi2, adx, fma

Memory: 4k page, system-wide physical 7967M (231M free)
TotalPageFile size 23190M (AvailPageFile size 30M)
current process WorkingSet (physical memory assigned to process): 316M, peak: 316M
current process commit charge ("private bytes"): 418M, peak: 449M

vm_info: OpenJDK 64-Bit Server VM (11.0.10+0-b96-7249189) for windows-amd64 JRE (11.0.10+0-b96-7249189), built on Mar 31 2021 21:44:00 by "builder" with MS VC++ 14.0 (VS2015)

END.
